c:\ooooooooop\pacman-4\pacman 4\pacman 4\x64\debug\vc141.pdb
c:\ooooooooop\pacman-4\pacman 4\pacman 4\x64\debug\vc141.idb
c:\ooooooooop\pacman-4\pacman 4\pacman 4\x64\debug\board.obj
c:\ooooooooop\pacman-4\pacman 4\pacman 4\x64\debug\controller.obj
c:\ooooooooop\pacman-4\pacman 4\pacman 4\x64\debug\icons.obj
c:\ooooooooop\pacman-4\pacman 4\pacman 4\x64\debug\main.obj
c:\ooooooooop\pacman-4\pacman 4\pacman 4\x64\debug\toolbar.obj
c:\ooooooooop\pacman-4\pacman 4\x64\debug\pacman 4.ilk
c:\ooooooooop\pacman-4\pacman 4\x64\debug\pacman 4.exe
c:\ooooooooop\pacman-4\pacman 4\x64\debug\pacman 4.pdb
c:\ooooooooop\pacman-4\pacman 4\pacman 4\x64\debug\vcpkg.applocal.log
c:\ooooooooop\pacman-4\pacman 4\x64\debug\sfml-graphics-d-2.dll
c:\ooooooooop\pacman-4\pacman 4\x64\debug\sfml-window-d-2.dll
c:\ooooooooop\pacman-4\pacman 4\x64\debug\sfml-system-d-2.dll
c:\ooooooooop\pacman-4\pacman 4\x64\debug\freetyped.dll
c:\ooooooooop\pacman-4\pacman 4\x64\debug\zlibd1.dll
c:\ooooooooop\pacman-4\pacman 4\x64\debug\libbz2d.dll
c:\ooooooooop\pacman-4\pacman 4\x64\debug\libpng16d.dll
c:\ooooooooop\pacman-4\pacman 4\x64\debug\jpeg62.dll
c:\ooooooooop\pacman-4\pacman 4\pacman 4\x64\debug\pacman 4.tlog\cl.command.1.tlog
c:\ooooooooop\pacman-4\pacman 4\pacman 4\x64\debug\pacman 4.tlog\cl.read.1.tlog
c:\ooooooooop\pacman-4\pacman 4\pacman 4\x64\debug\pacman 4.tlog\cl.write.1.tlog
c:\ooooooooop\pacman-4\pacman 4\pacman 4\x64\debug\pacman 4.tlog\link.command.1.tlog
c:\ooooooooop\pacman-4\pacman 4\pacman 4\x64\debug\pacman 4.tlog\link.read.1.tlog
c:\ooooooooop\pacman-4\pacman 4\pacman 4\x64\debug\pacman 4.tlog\link.write.1.tlog
c:\ooooooooop\pacman-4\pacman 4\pacman 4\x64\debug\pacman 4.tlog\pacman 4.write.1u.tlog
